  ModulePhysics.cpp
D:\TTC\Q3\PhysicsII\WormsGame\ModulePhysics.cpp(57,61): warning C4244: 'argument': conversion from 'float' to 'int', possible loss of data
D:\TTC\Q3\PhysicsII\WormsGame\ModulePhysics.cpp(57,49): warning C4244: 'argument': conversion from 'float' to 'int', possible loss of data
D:\TTC\Q3\PhysicsII\WormsGame\ModulePhysics.cpp(57,37): warning C4244: 'argument': conversion from 'float' to 'int', possible loss of data
D:\TTC\Q3\PhysicsII\WormsGame\ModulePhysics.cpp(60,29): warning C4838: conversion from 'float' to 'int' requires a narrowing conversion
D:\TTC\Q3\PhysicsII\WormsGame\ModulePhysics.cpp(60,29): warning C4244: 'initializing': conversion from 'float' to 'int', possible loss of data
D:\TTC\Q3\PhysicsII\WormsGame\ModulePhysics.cpp(60,41): warning C4838: conversion from 'float' to 'int' requires a narrowing conversion
D:\TTC\Q3\PhysicsII\WormsGame\ModulePhysics.cpp(60,41): warning C4244: 'initializing': conversion from 'float' to 'int', possible loss of data
D:\TTC\Q3\PhysicsII\WormsGame\ModulePhysics.cpp(60,53): warning C4838: conversion from 'float' to 'int' requires a narrowing conversion
D:\TTC\Q3\PhysicsII\WormsGame\ModulePhysics.cpp(60,53): warning C4244: 'initializing': conversion from 'float' to 'int', possible loss of data
D:\TTC\Q3\PhysicsII\WormsGame\ModulePhysics.cpp(60,64): warning C4838: conversion from 'float' to 'int' requires a narrowing conversion
D:\TTC\Q3\PhysicsII\WormsGame\ModulePhysics.cpp(60,64): warning C4244: 'initializing': conversion from 'float' to 'int', possible loss of data
  ModulePlayer.cpp
  Physics.cpp
D:\TTC\Q3\PhysicsII\WormsGame\Physics.cpp(54,15): warning C4244: 'initializing': conversion from 'double' to 'float', possible loss of data
D:\TTC\Q3\PhysicsII\WormsGame\Physics.cpp(55,15): warning C4244: 'initializing': conversion from 'double' to 'float', possible loss of data
D:\TTC\Q3\PhysicsII\WormsGame\Physics.cpp(101,50): warning C4244: '+=': conversion from 'double' to 'float', possible loss of data
D:\TTC\Q3\PhysicsII\WormsGame\Physics.cpp(102,50): warning C4244: '+=': conversion from 'double' to 'float', possible loss of data
D:\TTC\Q3\PhysicsII\WormsGame\Physics.cpp(103,25): warning C4244: '+=': conversion from 'double' to 'float', possible loss of data
D:\TTC\Q3\PhysicsII\WormsGame\Physics.cpp(104,25): warning C4244: '+=': conversion from 'double' to 'float', possible loss of data
  Generating Code...
  SDL Game.vcxproj -> D:\TTC\Q3\PhysicsII\WormsGame\Debug\Physics 2 Class 1 Handout.exe
